2017/11/22 11:57:01.448,ButtonEx_Click,OPE,CLK,機能
2017/11/22 11:57:04.150,ButtonEx_Click,OPE,CLK,サービス
2017/11/22 11:57:29.223,ButtonEx_Click,OPE,CLK,確定
2017/11/22 11:57:35.637,ButtonEx_Click,OPE,CLK,ESF設定
2017/11/22 17:49:05.815,ButtonEx_Click,OPE,CLK,SFR UP
2017/11/22 17:49:05.924,ButtonEx_Click,OPE,CLK,_btnSfrUp
2017/11/22 17:49:05.924,ButtonEx_Click,OPE,CLK,_btnSfrUp
2017/11/22 17:49:06.784,ButtonEx_Click,OPE,CLK,SFR UP
2017/11/22 17:49:08.027,ButtonEx_Click,OPE,CLK,IP
2017/11/22 17:49:08.058,ButtonEx_Click,OPE,CLK,_btnIp
2017/11/22 17:49:08.074,ButtonEx_Click,OPE,CLK,_btnIp
2017/11/22 17:49:14.482,ButtonEx_Click,OPE,CLK,_btnIp
2017/11/22 17:49:15.873,NOT SET,OPE,MSG,Hand,4000,MC I/F,不明なエラー DAT_PCOND_TABLE
2017/11/22 17:49:17.727,ButtonEx_Click,OPE,CLK,OK
2017/11/22 17:49:18.859,ButtonEx_Click,OPE,CLK,CAP
2017/11/22 17:49:18.906,ButtonEx_Click,OPE,CLK,_btnCap
2017/11/22 17:49:18.906,ButtonEx_Click,OPE,CLK,_btnCap
2017/11/22 17:49:19.812,ButtonEx_Click,OPE,CLK,閉じる
2017/11/22 17:49:19.843,NOT SET,OPE,MSG,Hand,4000,MC I/F,不明なエラー DAT_PCOND_TABLE
2017/11/22 17:49:21.125,ButtonEx_Click,OPE,CLK,OK
2017/11/22 17:49:22.514,ButtonEx_Click,OPE,CLK,SFR UP
2017/11/22 17:49:22.561,ButtonEx_Click,OPE,CLK,_btnSfrUp
2017/11/22 17:49:22.577,ButtonEx_Click,OPE,CLK,_btnSfrUp
2017/11/22 17:49:23.546,ButtonEx_Click,OPE,CLK,閉じる
2017/11/22 17:49:23.561,NOT SET,OPE,MSG,Hand,4000,MC I/F,不明なエラー DAT_PCOND_TABLE
2017/11/22 17:49:25.631,ButtonEx_Click,OPE,CLK,OK
2017/11/22 17:49:26.958,ButtonEx_Click,OPE,CLK,回転
2017/11/22 17:49:27.005,ButtonEx_Click,OPE,CLK,_btnCrs
2017/11/22 17:49:27.005,ButtonEx_Click,OPE,CLK,_btnCrs
2017/11/22 17:49:28.720,ButtonEx_Click,OPE,CLK,テンキー
2017/11/22 17:49:32.224,NOT SET,OPE,MSG,Hand,4000,MC I/F,不明なエラー DAT_PCOND_TABLE
2017/11/22 17:49:33.537,ButtonEx_Click,OPE,CLK,OK
2017/11/22 17:53:54.583,ButtonEx_Click,OPE,CLK,SC
2017/11/22 17:53:54.684,ButtonEx_Click,OPE,CLK,_btnServoControl
2017/11/22 17:53:54.684,ButtonEx_Click,OPE,CLK,_btnServoControl
2017/11/22 17:53:56.278,ButtonEx_Click,OPE,CLK,SC
2017/11/22 17:53:56.872,ButtonEx_Click,OPE,CLK,SFR DOWN
2017/11/22 17:53:56.919,ButtonEx_Click,OPE,CLK,_btnSfrDown
2017/11/22 17:53:56.919,ButtonEx_Click,OPE,CLK,_btnSfrDown
2017/11/22 17:53:58.200,ButtonEx_Click,OPE,CLK,SFR DOWN
2017/11/22 17:53:58.997,ButtonEx_Click,OPE,CLK,SFR DOWN
2017/11/22 17:53:59.044,ButtonEx_Click,OPE,CLK,_btnSfrDown
2017/11/22 17:53:59.044,ButtonEx_Click,OPE,CLK,_btnSfrDown
2017/11/22 17:54:00.138,ButtonEx_Click,OPE,CLK,SFR DOWN
2017/11/22 17:55:39.841,ButtonEx_Click,OPE,CLK,SFR DOWN
2017/11/22 17:55:39.935,ButtonEx_Click,OPE,CLK,_btnSfrDown
2017/11/22 17:55:39.935,ButtonEx_Click,OPE,CLK,_btnSfrDown
2017/11/22 17:55:41.732,ButtonEx_Click,OPE,CLK,▼
2017/11/22 17:55:41.763,NOT SET,OPE,MSG,Hand,4000,MC I/F,不明なエラー DAT_PCOND_TABLE
2017/11/22 17:55:43.456,ButtonEx_Click,OPE,CLK,OK
2017/11/22 17:55:53.431,ButtonEx_Click,OPE,CLK,_btnSfrDown
2017/11/22 17:55:55.550,ButtonEx_Click,OPE,CLK,_btnSfrDown
2017/11/22 17:55:57.990,ButtonEx_Click,OPE,CLK,_btnSfrDown
2017/11/22 17:55:59.146,ButtonEx_Click,OPE,CLK,_btnSfrDown
2017/11/22 17:56:01.662,NOT SET,OPE,MSG,Hand,4000,MC I/F,不明なエラー DAT_PCOND_TABLE
2017/11/22 17:56:02.737,ButtonEx_Click,OPE,CLK,OK
