2017/11/28 13:26:31.310,ButtonEx_Click,OPE,CLK,設定
2017/11/28 13:27:08.590,ButtonEx_Click,OPE,CLK,閉じる
2017/11/28 13:27:09.504,ButtonEx_Click,OPE,CLK,閉じる
2017/11/28 15:57:16.050,ButtonEx_Click,OPE,CLK,ブザー
2017/11/28 15:57:16.679,ButtonEx_Click,OPE,CLK,ブザー
2017/11/28 15:57:18.152,ButtonEx_Click,OPE,CLK,機能
2017/11/28 15:57:19.741,ButtonEx_Click,OPE,CLK,機能
2017/11/28 16:04:12.615,ButtonEx_Click,OPE,CLK,機能
2017/11/28 16:04:13.940,ButtonEx_Click,OPE,CLK,機能
2017/11/28 16:04:15.922,ButtonEx_Click,OPE,CLK,機能
2017/11/28 16:04:16.552,ButtonEx_Click,OPE,CLK,機能
2017/11/28 16:04:17.152,ButtonEx_Click,OPE,CLK,機能
2017/11/28 16:04:17.671,ButtonEx_Click,OPE,CLK,機能
2017/11/28 16:04:19.567,ButtonEx_Click,OPE,CLK,機能
2017/11/28 16:04:20.200,ButtonEx_Click,OPE,CLK,機能
2017/11/28 16:04:21.439,ButtonEx_Click,OPE,CLK,機能
2017/11/28 16:04:22.723,ButtonEx_Click,OPE,CLK,機能
2017/11/28 16:04:24.871,ButtonEx_Click,OPE,CLK,機能
2017/11/28 16:04:25.780,ButtonEx_Click,OPE,CLK,機能
2017/11/28 16:04:27.190,ButtonEx_Click,OPE,CLK,数値位置決め
2017/11/28 16:04:27.297,UI,MANUALForm,OPE,Move_NumericFeedFormBt_Click
2017/11/28 16:04:27.351,ButtonEx_Click,OPE,CLK,NUMERIC FEED
2017/11/28 16:04:27.357,ButtonEx_Click,OPE,CLK,NUMERIC FEED
2017/11/28 16:04:28.970,ButtonEx_Click,OPE,CLK,数値位置決め
2017/11/28 16:04:28.971,UI,MANUALForm,OPE,Move_NumericFeedFormBt_Click
2017/11/28 16:04:29.555,ButtonEx_Click,OPE,CLK,数値位置決め
2017/11/28 16:04:29.623,UI,MANUALForm,OPE,Move_NumericFeedFormBt_Click
2017/11/28 16:04:29.634,ButtonEx_Click,OPE,CLK,NUMERIC FEED
2017/11/28 16:04:29.640,ButtonEx_Click,OPE,CLK,NUMERIC FEED
2017/11/28 16:04:30.145,ButtonEx_Click,OPE,CLK,数値位置決め
2017/11/28 16:04:30.147,UI,MANUALForm,OPE,Move_NumericFeedFormBt_Click
2017/11/28 16:04:33.065,ButtonEx_Click,OPE,CLK,機能
2017/11/28 16:04:34.508,ButtonEx_Click,OPE,CLK,機能
2017/11/28 16:37:53.625,ButtonEx_Click,OPE,CLK,1穴加工時間
2017/11/28 16:38:08.955,ButtonEx_Click,OPE,CLK,数値位置決め
2017/11/28 16:38:09.051,UI,MANUALForm,OPE,Move_NumericFeedFormBt_Click
2017/11/28 16:38:09.105,ButtonEx_Click,OPE,CLK,NUMERIC FEED
2017/11/28 16:38:09.111,ButtonEx_Click,OPE,CLK,NUMERIC FEED
2017/11/28 16:38:10.009,ButtonEx_Click,OPE,CLK,数値位置決め
2017/11/28 16:38:10.011,UI,MANUALForm,OPE,Move_NumericFeedFormBt_Click
2017/11/28 16:38:12.620,ButtonEx_Click,OPE,CLK,数値位置決め
2017/11/28 16:38:12.682,UI,MANUALForm,OPE,Move_NumericFeedFormBt_Click
2017/11/28 16:38:12.693,ButtonEx_Click,OPE,CLK,NUMERIC FEED
2017/11/28 16:38:12.699,ButtonEx_Click,OPE,CLK,NUMERIC FEED
2017/11/28 16:38:13.439,ButtonEx_Click,OPE,CLK,数値位置決め
2017/11/28 16:38:13.441,UI,MANUALForm,OPE,Move_NumericFeedFormBt_Click
2017/11/28 16:38:14.937,ButtonEx_Click,OPE,CLK,数値位置決め
2017/11/28 16:38:14.997,UI,MANUALForm,OPE,Move_NumericFeedFormBt_Click
2017/11/28 16:38:15.010,ButtonEx_Click,OPE,CLK,NUMERIC FEED
2017/11/28 16:38:15.017,ButtonEx_Click,OPE,CLK,NUMERIC FEED
2017/11/28 16:38:16.096,ButtonEx_Click,OPE,CLK,数値位置決め
2017/11/28 16:38:16.097,UI,MANUALForm,OPE,Move_NumericFeedFormBt_Click
2017/11/28 17:28:45.514,ButtonEx_Click,OPE,CLK,閉じる
2017/11/28 17:29:13.934,ButtonEx_Click,OPE,CLK,閉じる
2017/11/28 17:29:53.339,ButtonEx_Click,OPE,CLK,ブザー
2017/11/28 17:29:54.050,ButtonEx_Click,OPE,CLK,ブザー
2017/11/28 17:29:55.431,ButtonEx_Click,OPE,CLK,機能
2017/11/28 17:30:11.927,ButtonEx_Click,OPE,CLK,自動運転開始座標へ復帰
2017/11/28 17:30:11.947,NOT SET,OPE,MSG,Asterisk,893,自動運転開始位置へ復帰,自動運転を開始した位置へ復帰します。 [START]ボタンを押してください。
2017/11/28 17:30:14.018,ButtonEx_Click,OPE,CLK,OK
2017/11/28 17:30:15.364,ButtonEx_Click,OPE,CLK,自動運転開始座標へ復帰
2017/11/28 17:30:16.375,ButtonEx_Click,OPE,CLK,自動運転開始座標へ復帰
2017/11/28 17:30:16.389,NOT SET,OPE,MSG,Asterisk,893,自動運転開始位置へ復帰,自動運転を開始した位置へ復帰します。 [START]ボタンを押してください。
2017/11/28 17:30:17.773,ButtonEx_Click,OPE,CLK,OK
2017/11/28 17:30:18.786,ButtonEx_Click,OPE,CLK,自動運転開始座標へ復帰
2017/11/28 17:30:19.647,ButtonEx_Click,OPE,CLK,自動運転開始座標へ復帰
2017/11/28 17:30:19.659,NOT SET,OPE,MSG,Asterisk,893,自動運転開始位置へ復帰,自動運転を開始した位置へ復帰します。 [START]ボタンを押してください。
2017/11/28 17:30:21.446,ButtonEx_Click,OPE,CLK,OK
2017/11/28 17:30:22.744,ButtonEx_Click,OPE,CLK,閉じる
2017/11/28 17:33:04.780,ButtonEx_Click,OPE,CLK,閉じる
2017/11/28 17:33:05.596,ButtonEx_Click,OPE,CLK,閉じる
2017/11/28 17:33:06.940,ButtonEx_Click,OPE,CLK,閉じる
2017/11/28 17:33:08.313,ButtonEx_Click,OPE,CLK,閉じる
2017/11/28 17:33:12.189,ButtonEx_Click,OPE,CLK,閉じる
2017/11/28 17:33:12.421,ButtonEx_Click,OPE,CLK,閉じる
2017/11/28 17:33:12.614,ButtonEx_Click,OPE,CLK,閉じる
2017/11/28 17:33:12.798,ButtonEx_Click,OPE,CLK,閉じる
2017/11/28 17:33:13.001,ButtonEx_Click,OPE,CLK,閉じる
2017/11/28 17:33:13.187,ButtonEx_Click,OPE,CLK,閉じる
2017/11/28 17:33:13.362,ButtonEx_Click,OPE,CLK,閉じる
2017/11/28 17:33:13.539,ButtonEx_Click,OPE,CLK,閉じる
2017/11/28 17:48:33.673,ButtonEx_Click,OPE,CLK,機能
2017/11/28 17:48:35.616,ButtonEx_Click,OPE,CLK,機能
2017/11/28 17:48:39.815,ButtonEx_Click,OPE,CLK,閉じる
2017/11/28 19:44:03.917,ButtonEx_Click,OPE,CLK,回転
2017/11/28 19:44:04.401,ButtonEx_Click,OPE,CLK,ポンプ
2017/11/28 19:44:04.854,ButtonEx_Click,OPE,CLK,放電
2017/11/28 19:44:05.308,ButtonEx_Click,OPE,CLK,放電
2017/11/28 19:44:05.761,ButtonEx_Click,OPE,CLK,ポンプ
2017/11/28 19:44:06.183,ButtonEx_Click,OPE,CLK,回転
2017/11/28 19:44:07.464,ButtonEx_Click,OPE,CLK,液圧
2017/11/28 19:44:07.589,ButtonEx_Click,OPE,CLK,_btnInverter
2017/11/28 19:44:07.589,ButtonEx_Click,OPE,CLK,_btnInverter
2017/11/28 19:44:08.245,ButtonEx_Click,OPE,CLK,液圧
2017/11/28 19:44:09.199,ButtonEx_Click,OPE,CLK,極性
2017/11/28 19:44:09.246,ButtonEx_Click,OPE,CLK,_btnPol
2017/11/28 19:44:09.246,ButtonEx_Click,OPE,CLK,_btnPol
2017/11/28 19:44:09.902,ButtonEx_Click,OPE,CLK,極性
2017/11/28 19:44:10.511,ButtonEx_Click,OPE,CLK,SFR UP
2017/11/28 19:44:10.558,ButtonEx_Click,OPE,CLK,_btnSfrUp
2017/11/28 19:44:10.558,ButtonEx_Click,OPE,CLK,_btnSfrUp
2017/11/28 19:44:11.324,ButtonEx_Click,OPE,CLK,SFR UP
2017/11/28 19:44:12.074,ButtonEx_Click,OPE,CLK,SC
2017/11/28 19:44:12.121,ButtonEx_Click,OPE,CLK,_btnServoControl
2017/11/28 19:44:12.136,ButtonEx_Click,OPE,CLK,_btnServoControl
2017/11/28 19:44:12.762,ButtonEx_Click,OPE,CLK,SC
2017/11/28 19:44:16.481,ButtonEx_Click,OPE,CLK,電極交換
2017/11/28 19:44:16.590,UI,MANUALForm,OPE,Move_AECFormBt_Click
2017/11/28 19:44:17.778,ButtonEx_Click,OPE,CLK,電極交換
2017/11/28 19:44:18.816,ButtonEx_Click,OPE,CLK,座標登録
2017/11/28 19:44:18.863,UI,MANUALForm,OPE,Move_ReturnToOriginBt_Click, 
2017/11/28 19:44:20.191,ButtonEx_Click,OPE,CLK,座標登録
2017/11/28 19:44:22.066,ButtonEx_Click,OPE,CLK,電極交換
2017/11/28 19:44:22.145,UI,MANUALForm,OPE,Move_AECFormBt_Click
2017/11/28 19:44:22.863,ButtonEx_Click,OPE,CLK,電極交換
2017/11/28 19:44:23.864,ButtonEx_Click,OPE,CLK,電極交換
2017/11/28 19:44:23.957,UI,MANUALForm,OPE,Move_AECFormBt_Click
2017/11/28 19:44:24.784,ButtonEx_Click,OPE,CLK,電極交換
2017/11/28 19:44:25.534,ButtonEx_Click,OPE,CLK,座標登録
2017/11/28 19:44:25.581,UI,MANUALForm,OPE,Move_ReturnToOriginBt_Click, 
2017/11/28 19:44:26.518,ButtonEx_Click,OPE,CLK,座標登録
2017/11/28 19:44:27.331,ButtonEx_Click,OPE,CLK,座標登録
2017/11/28 19:44:27.362,UI,MANUALForm,OPE,Move_ReturnToOriginBt_Click, 
2017/11/28 19:44:27.956,ButtonEx_Click,OPE,CLK,座標登録
2017/11/28 19:44:29.737,ButtonEx_Click,OPE,CLK,位置出し
2017/11/28 19:44:29.784,UI,MANUALForm,OPE,Move_ReferensingFormBt_Click
2017/11/28 19:44:30.503,ButtonEx_Click,OPE,CLK,位置出し
2017/11/28 19:44:31.409,ButtonEx_Click,OPE,CLK,数値位置決め
2017/11/28 19:44:31.488,UI,MANUALForm,OPE,Move_NumericFeedFormBt_Click
2017/11/28 19:44:31.503,ButtonEx_Click,OPE,CLK,NUMERIC FEED
2017/11/28 19:44:31.519,ButtonEx_Click,OPE,CLK,NUMERIC FEED
2017/11/28 19:44:32.074,ButtonEx_Click,OPE,CLK,数値位置決め
2017/11/28 19:44:32.074,UI,MANUALForm,OPE,Move_NumericFeedFormBt_Click
2017/11/28 19:44:32.714,ButtonEx_Click,OPE,CLK,電極交換
2017/11/28 19:44:32.777,UI,MANUALForm,OPE,Move_AECFormBt_Click
2017/11/28 19:44:36.223,ButtonEx_Click,OPE,CLK,電極交換
2017/11/28 19:46:33.215,ButtonEx_Click,OPE,CLK,閉じる
2017/11/28 19:46:47.420,ButtonEx_Click,OPE,CLK,閉じる
2017/11/28 19:47:03.328,ButtonEx_Click,OPE,CLK,ポンプ
2017/11/28 19:47:03.922,ButtonEx_Click,OPE,CLK,ポンプ
2017/11/28 19:47:04.406,ButtonEx_Click,OPE,CLK,放電
2017/11/28 19:47:04.844,ButtonEx_Click,OPE,CLK,ポンプ
2017/11/28 19:47:05.312,ButtonEx_Click,OPE,CLK,放電
2017/11/28 19:47:05.750,ButtonEx_Click,OPE,CLK,ポンプ
2017/11/28 19:47:06.281,ButtonEx_Click,OPE,CLK,回転
2017/11/28 19:47:06.688,ButtonEx_Click,OPE,CLK,ポンプ
2017/11/28 19:47:07.016,ButtonEx_Click,OPE,CLK,放電
2017/11/28 19:47:07.516,ButtonEx_Click,OPE,CLK,ポンプ
2017/11/28 19:47:08.047,ButtonEx_Click,OPE,CLK,回転
2017/11/28 19:47:08.578,ButtonEx_Click,OPE,CLK,放電
2017/11/28 19:47:12.673,ButtonEx_Click,OPE,CLK,機能
2017/11/28 19:47:13.610,ButtonEx_Click,OPE,CLK,機能
2017/11/28 19:47:14.595,ButtonEx_Click,OPE,CLK,自動
2017/11/28 19:47:15.813,ButtonEx_Click,OPE,CLK,編集
2017/11/28 19:47:17.079,ButtonEx_Click,OPE,CLK,M.D.I.
2017/11/28 19:51:49.067,ButtonEx_Click,OPE,CLK,自動
2017/11/28 19:53:44.547,ButtonEx_Click,OPE,CLK,閉じる
2017/11/28 19:53:57.791,ButtonEx_Click,OPE,CLK,IP
2017/11/28 19:53:57.885,ButtonEx_Click,OPE,CLK,_btnIp
2017/11/28 19:53:57.885,ButtonEx_Click,OPE,CLK,_btnIp
2017/11/28 19:53:58.900,ButtonEx_Click,OPE,CLK,▲
2017/11/28 19:53:58.947,NOT SET,OPE,MSG,Hand,4000,MC I/F,不明なエラー DAT_PCOND_TABLE
2017/11/28 19:54:00.792,ButtonEx_Click,OPE,CLK,OK
2017/11/28 19:54:02.427,NOT SET,OPE,MSG,Hand,4000,MC I/F,不明なエラー DAT_PCOND_TABLE
2017/11/28 19:54:03.890,ButtonEx_Click,OPE,CLK,OK
