2017/11/30 09:50:53.312,ButtonEx_Click,OPE,CLK,機能
2017/11/30 09:50:53.953,ButtonEx_Click,OPE,CLK,機能
2017/11/30 09:50:54.987,ButtonEx_Click,OPE,CLK,自動
2017/11/30 09:50:56.221,ButtonEx_Click,OPE,CLK,ファイル
2017/11/30 09:50:57.716,ButtonEx_Click,OPE,CLK,閉じる
2017/11/30 09:50:58.891,ButtonEx_Click,OPE,CLK,編集
2017/11/30 09:51:00.910,ButtonEx_Click,OPE,CLK,保存
2017/11/30 09:51:03.757,ButtonEx_Click,OPE,CLK,キャンセル
2017/11/30 09:51:05.109,ButtonEx_Click,OPE,CLK,ファイル
2017/11/30 09:51:08.444,ButtonEx_Click,OPE,CLK,キャンセル
2017/11/30 09:51:12.196,ButtonEx_Click,OPE,CLK,ファイル
2017/11/30 09:51:17.870,ButtonEx_Click,OPE,CLK,キャンセル
2017/11/30 09:51:19.654,ButtonEx_Click,OPE,CLK,設定
2017/11/30 09:51:21.371,ButtonEx_Click,OPE,CLK,閉じる
2017/11/30 09:51:22.926,ButtonEx_Click,OPE,CLK,手動
2017/11/30 09:51:23.970,ButtonEx_Click,OPE,CLK,座標登録
2017/11/30 09:51:24.017,UI,MANUALForm,OPE,Move_ReturnToOriginBt_Click, 
2017/11/30 09:51:27.020,ButtonEx_Click,OPE,CLK,ロック
2017/11/30 09:51:28.561,ButtonEx_Click,OPE,CLK,テンキー入力
2017/11/30 09:51:28.561,ButtonEx_Click,OPE,CLK,テンキー入力
2017/11/30 09:51:30.481,ButtonEx_Click,OPE,CLK,AC
2017/11/30 09:51:31.783,ButtonEx_Click,OPE,CLK,1
2017/11/30 09:51:34.750,ButtonEx_Click,OPE,CLK,解除
2017/11/30 18:17:28.087,NOT SET,OPE,MSG,Warning,5046,加工条件テーブル初期化エラー,IP/SFIP値が不正です。自動で修復しますか？手動で修復する場合はアプリケーションを終了し、ログを確認してください。「はい」＝修復/「いいえ」＝アプリケーション終了
2017/11/30 18:17:33.018,ButtonEx_Click,OPE,CLK,はい
2017/11/30 18:17:33.055,NOT SET,OPE,MSG,Asterisk,5047,加工条件テーブル初期化完了,不正な値は自動で修正されました。詳細はログを確認してください。
2017/11/30 18:19:17.204,ButtonEx_Click,OPE,CLK,OK
2017/11/30 19:04:18.454,NOT SET,OPE,MSG,Warning,5046,加工条件テーブル初期化エラー,IP/SFIP値が不正です。自動で修復しますか？手動で修復する場合はアプリケーションを終了し、ログを確認してください。「はい」＝修復/「いいえ」＝アプリケーション終了
2017/11/30 19:04:22.514,ButtonEx_Click,OPE,CLK,いいえ
2017/11/30 19:05:20.010,NOT SET,OPE,MSG,Warning,5046,加工条件テーブル初期化エラー,IP/SFIP値が不正です。自動で修復しますか？手動で修復する場合はアプリケーションを終了し、ログを確認してください。「はい」＝修復/「いいえ」＝アプリケーション終了
2017/11/30 19:05:31.870,ButtonEx_Click,OPE,CLK,いいえ
2017/11/30 19:05:59.254,NOT SET,OPE,MSG,Warning,5046,加工条件テーブル初期化エラー,IP/SFIP値が不正です。自動で修復しますか？手動で修復する場合はアプリケーションを終了し、ログを確認してください。「はい」＝修復/「いいえ」＝アプリケーション終了
2017/11/30 19:06:02.457,ButtonEx_Click,OPE,CLK,いいえ
2017/11/30 19:06:33.738,NOT SET,OPE,MSG,Warning,5046,加工条件テーブル初期化エラー,IP/SFIP値が不正です。自動で修復しますか？手動で修復する場合はアプリケーションを終了し、ログを確認してください。「はい」＝修復/「いいえ」＝アプリケーション終了
2017/11/30 19:06:36.217,ButtonEx_Click,OPE,CLK,いいえ
2017/11/30 19:06:59.844,NOT SET,OPE,MSG,Warning,5046,加工条件テーブル初期化エラー,IP/SFIP値が不正です。自動で修復しますか？手動で修復する場合はアプリケーションを終了し、ログを確認してください。「はい」＝修復/「いいえ」＝アプリケーション終了
2017/11/30 19:07:02.317,ButtonEx_Click,OPE,CLK,はい
2017/11/30 19:07:02.359,NOT SET,OPE,MSG,Asterisk,5047,加工条件テーブル初期化完了,不正な値は自動で修正されました。詳細はログを確認してください。
2017/11/30 19:07:03.584,ButtonEx_Click,OPE,CLK,OK
2017/11/30 19:07:14.142,ButtonEx_Click,OPE,CLK,ログ出力
2017/11/30 19:07:24.669,ButtonEx_Click,OPE,CLK,閉じる
2017/11/30 19:07:28.783,ButtonEx_Click,OPE,CLK,設定
2017/11/30 19:07:34.607,ButtonEx_Click,OPE,CLK,閉じる
2017/11/30 19:07:35.892,ButtonEx_Click,OPE,CLK,設定
2017/11/30 19:07:39.145,ButtonEx_Click,OPE,CLK,閉じる
2017/11/30 19:07:39.894,ButtonEx_Click,OPE,CLK,設定
2017/11/30 19:07:42.606,ButtonEx_Click,OPE,CLK,閉じる
2017/11/30 19:07:44.705,ButtonEx_Click,OPE,CLK,設定
2017/11/30 19:07:47.876,ButtonEx_Click,OPE,CLK,閉じる
2017/11/30 19:08:58.444,NOT SET,OPE,MSG,Warning,5046,加工条件テーブル初期化エラー,IP/SFIP値が不正です。自動で修復しますか？手動で修復する場合はアプリケーションを終了し、ログを確認してください。「はい」＝修復/「いいえ」＝アプリケーション終了
2017/11/30 19:08:59.985,ButtonEx_Click,OPE,CLK,はい
2017/11/30 19:09:00.032,NOT SET,OPE,MSG,Asterisk,5047,加工条件テーブル初期化完了,不正な値は自動で修正されました。詳細はログを確認してください。
2017/11/30 19:09:01.000,ButtonEx_Click,OPE,CLK,OK
2017/11/30 19:09:33.990,NOT SET,OPE,MSG,Warning,5046,加工条件テーブル初期化エラー,IP/SFIP値が不正です。自動で修復しますか？手動で修復する場合はアプリケーションを終了し、ログを確認してください。「はい」＝修復/「いいえ」＝アプリケーション終了
2017/11/30 19:09:35.123,ButtonEx_Click,OPE,CLK,いいえ
2017/11/30 19:10:54.963,NOT SET,OPE,MSG,Warning,5046,加工条件テーブル初期化エラー,IP/SFIP値が不正です。自動で修復しますか？手動で修復する場合はアプリケーションを終了し、ログを確認してください。「はい」＝修復/「いいえ」＝アプリケーション終了
2017/11/30 19:11:00.949,ButtonEx_Click,OPE,CLK,いいえ
2017/11/30 19:12:29.278,NOT SET,OPE,MSG,Warning,5046,加工条件テーブル初期化エラー,IP/SFIP値が不正です。自動で修復しますか？手動で修復する場合はアプリケーションを終了し、ログを確認してください。「はい」＝修復/「いいえ」＝アプリケーション終了
2017/11/30 19:12:30.643,ButtonEx_Click,OPE,CLK,いいえ
2017/11/30 19:16:26.788,NOT SET,OPE,MSG,Warning,5046,加工条件テーブル初期化エラー,IP/SFIP値が不正です。自動で修復しますか？手動で修復する場合はアプリケーションを終了し、ログを確認してください。「はい」＝修復/「いいえ」＝アプリケーション終了
2017/11/30 19:16:41.382,ButtonEx_Click,OPE,CLK,はい
2017/11/30 19:16:41.416,NOT SET,OPE,MSG,Asterisk,5047,加工条件テーブル初期化完了,不正な値は自動で修正されました。詳細はログを確認してください。
2017/11/30 19:16:42.516,ButtonEx_Click,OPE,CLK,OK
2017/11/30 19:17:59.441,NOT SET,OPE,MSG,Warning,5046,加工条件テーブル初期化エラー,IP/SFIP値が不正です。自動で修復しますか？手動で修復する場合はアプリケーションを終了し、ログを確認してください。「はい」＝修復/「いいえ」＝アプリケーション終了
2017/11/30 19:18:08.118,ButtonEx_Click,OPE,CLK,はい
2017/11/30 19:18:08.157,NOT SET,OPE,MSG,Asterisk,5047,加工条件テーブル初期化完了,不正な値は自動で修正されました。詳細はログを確認してください。
2017/11/30 19:18:09.239,ButtonEx_Click,OPE,CLK,OK
2017/11/30 19:18:40.168,ButtonEx_Click,OPE,CLK,自動
2017/11/30 19:18:41.292,ButtonEx_Click,OPE,CLK,手動
2017/11/30 19:18:43.096,ButtonEx_Click,OPE,CLK,自動
2017/11/30 19:18:45.731,ButtonEx_Click,OPE,CLK,自動
2017/11/30 19:18:46.517,ButtonEx_Click,OPE,CLK,手動
2017/11/30 19:18:48.082,ButtonEx_Click,OPE,CLK,自動
2017/11/30 19:18:50.120,ButtonEx_Click,OPE,CLK,ファイル
