2017/11/27 11:17:40.573,ButtonEx_Click,OPE,CLK,イニシャルセット
2017/11/27 11:17:41.126,ButtonEx_Click,OPE,CLK,イニシャルセット
2017/11/27 11:17:41.869,ButtonEx_Click,OPE,CLK,イニシャルセット
2017/11/27 11:17:42.885,ButtonEx_Click,OPE,CLK,イニシャルセット
2017/11/27 11:17:45.264,ButtonEx_Click,OPE,CLK,極性
2017/11/27 11:17:45.354,ButtonEx_Click,OPE,CLK,_btnPol
2017/11/27 11:17:45.360,ButtonEx_Click,OPE,CLK,_btnPol
2017/11/27 11:17:48.508,ButtonEx_Click,OPE,CLK,_btnPol
2017/11/27 11:17:49.579,ButtonEx_Click,OPE,CLK,閉じる
2017/11/27 11:17:49.614,NOT SET,OPE,MSG,Hand,4000,MC I/F,不明なエラー DAT_PCOND_TABLE
2017/11/27 11:17:51.399,ButtonEx_Click,OPE,CLK,OK
2017/11/27 11:17:52.522,ButtonEx_Click,OPE,CLK,SFR UP
2017/11/27 11:17:52.563,ButtonEx_Click,OPE,CLK,_btnSfrUp
2017/11/27 11:17:52.567,ButtonEx_Click,OPE,CLK,_btnSfrUp
2017/11/27 11:17:58.525,ButtonEx_Click,OPE,CLK,閉じる
2017/11/27 11:17:58.544,NOT SET,OPE,MSG,Hand,4000,MC I/F,不明なエラー DAT_PCOND_TABLE
2017/11/27 11:18:00.237,ButtonEx_Click,OPE,CLK,OK
2017/11/27 11:18:01.946,ButtonEx_Click,OPE,CLK,SC
2017/11/27 11:18:02.007,ButtonEx_Click,OPE,CLK,_btnServoControl
2017/11/27 11:18:02.061,ButtonEx_Click,OPE,CLK,_btnServoControl
2017/11/27 11:18:22.935,ButtonEx_Click,OPE,CLK,OK
2017/11/27 11:18:22.953,NOT SET,OPE,MSG,Hand,4000,MC I/F,不明なエラー DAT_PCOND_TABLE
2017/11/27 11:18:25.307,ButtonEx_Click,OPE,CLK,OK
2017/11/27 11:18:31.318,ButtonEx_Click,OPE,CLK,数値位置決め
2017/11/27 11:18:31.404,UI,MANUALForm,OPE,Move_NumericFeedFormBt_Click
2017/11/27 11:18:31.417,ButtonEx_Click,OPE,CLK,NUMERIC FEED
2017/11/27 11:18:31.424,ButtonEx_Click,OPE,CLK,NUMERIC FEED
2017/11/27 11:18:32.394,ButtonEx_Click,OPE,CLK,数値位置決め
2017/11/27 11:18:32.396,UI,MANUALForm,OPE,Move_NumericFeedFormBt_Click
2017/11/27 11:18:33.042,ButtonEx_Click,OPE,CLK,位置出し
2017/11/27 11:18:33.089,UI,MANUALForm,OPE,Move_ReferensingFormBt_Click
2017/11/27 11:18:35.666,ButtonEx_Click,OPE,CLK,位置出し
2017/11/27 11:18:36.358,ButtonEx_Click,OPE,CLK,位置出し
2017/11/27 11:18:36.393,UI,MANUALForm,OPE,Move_ReferensingFormBt_Click
2017/11/27 11:18:38.358,ButtonEx_Click,OPE,CLK,位置出し
2017/11/27 11:18:39.122,ButtonEx_Click,OPE,CLK,位置出し
2017/11/27 11:18:39.158,UI,MANUALForm,OPE,Move_ReferensingFormBt_Click
2017/11/27 11:18:45.341,ButtonEx_Click,OPE,CLK,位置出し
2017/11/27 11:18:45.916,ButtonEx_Click,OPE,CLK,位置出し
2017/11/27 11:18:45.949,UI,MANUALForm,OPE,Move_ReferensingFormBt_Click
2017/11/27 11:18:46.728,ButtonEx_Click,OPE,CLK,電極交換
2017/11/27 11:18:46.814,UI,MANUALForm,OPE,Move_AECFormBt_Click
2017/11/27 11:18:47.873,ButtonEx_Click,OPE,CLK,座標登録
2017/11/27 11:18:47.921,UI,MANUALForm,OPE,Move_ReturnToOriginBt_Click, 
2017/11/27 11:18:50.075,ButtonEx_Click,OPE,CLK,数値位置決め
2017/11/27 11:18:50.143,UI,MANUALForm,OPE,Move_NumericFeedFormBt_Click
2017/11/27 11:18:50.158,ButtonEx_Click,OPE,CLK,NUMERIC FEED
2017/11/27 11:18:50.164,ButtonEx_Click,OPE,CLK,NUMERIC FEED
2017/11/27 11:18:50.821,ButtonEx_Click,OPE,CLK,位置出し
2017/11/27 11:18:50.853,UI,MANUALForm,OPE,Move_ReferensingFormBt_Click
2017/11/27 11:18:51.804,ButtonEx_Click,OPE,CLK,電極交換
2017/11/27 11:18:51.863,UI,MANUALForm,OPE,Move_AECFormBt_Click
2017/11/27 11:18:52.683,ButtonEx_Click,OPE,CLK,数値位置決め
2017/11/27 11:18:52.749,UI,MANUALForm,OPE,Move_NumericFeedFormBt_Click
2017/11/27 11:18:52.762,ButtonEx_Click,OPE,CLK,NUMERIC FEED
2017/11/27 11:18:52.770,ButtonEx_Click,OPE,CLK,NUMERIC FEED
2017/11/27 11:19:00.342,ButtonEx_Click,OPE,CLK,▲▼キー
2017/11/27 11:19:01.567,ButtonEx_Click,OPE,CLK,▲
2017/11/27 11:19:01.797,ButtonEx_Click,OPE,CLK,▲
2017/11/27 11:19:01.994,ButtonEx_Click,OPE,CLK,▲
2017/11/27 11:19:03.769,ButtonEx_Click,OPE,CLK,▲
2017/11/27 11:19:08.488,ButtonEx_Click,OPE,CLK,▲
2017/11/27 11:19:08.494,ButtonEx_Click,OPE,CLK,▲
2017/11/27 11:19:10.342,ButtonEx_Click,OPE,CLK,▲
2017/11/27 11:19:10.554,ButtonEx_Click,OPE,CLK,▲
2017/11/27 11:19:10.737,ButtonEx_Click,OPE,CLK,▲
2017/11/27 11:19:10.912,ButtonEx_Click,OPE,CLK,▲
2017/11/27 11:19:11.418,ButtonEx_Click,OPE,CLK,▼
2017/11/27 11:19:11.609,ButtonEx_Click,OPE,CLK,▼
2017/11/27 11:19:11.790,ButtonEx_Click,OPE,CLK,▼
2017/11/27 19:28:57.634,ButtonEx_Click,OPE,CLK,自動
2017/11/27 19:28:58.507,ButtonEx_Click,OPE,CLK,手動
2017/11/27 19:29:00.069,ButtonEx_Click,OPE,CLK,自動
2017/11/27 19:29:50.906,ButtonEx_Click,OPE,CLK,IP
2017/11/27 19:29:50.997,ButtonEx_Click,OPE,CLK,_btnIp
2017/11/27 19:29:51.001,ButtonEx_Click,OPE,CLK,_btnIp
2017/11/27 19:29:51.705,ButtonEx_Click,OPE,CLK,IP
